2019-11-24 06:39:11 +0000  Initial pipeline context: <IDEDistributionProcessingPipelineContext: 0x7fe758fb5050; archive(resolved)='<IDEArchive: 0x7fe771f9b830>', distributionTask(resolved)='2', distributionDestination(resolved)='1', distributionMethod(resolved)='<IDEDistributionMethodDevelopmentSigned: 0x7fe7737c2290>', team(resolved)='<IDEProvisioningDisambiguatableBasicTeam: 0x7fe76ea6c220; teamID='NP4S9JY938', teamName='WAROB LLC', teamType='(null)', username='(null)', isFreeProvisioningTeam='0'>'>
	Chain (13, self inclusive):
	<IDEDistributionProcessingPipelineContext: 0x7fe758fb5050; archive = '<IDEArchive: 0x7fe771f9b830>', distributionMethod='<IDEDistributionMethodDevelopmentSigned: 0x7fe7737c2290>', team='<IDEProvisioningDisambiguatableBasicTeam: 0x7fe76ea6c220; teamID='NP4S9JY938', teamName='WAROB LLC', teamType='(null)', username='(null)', isFreeProvisioningTeam='0'>'>
	<IDEDistributionProcessingPipelineContext: 0x7fe758fb71a0; archive = '<IDEArchive: 0x7fe771f9b830>', distributionMethod='<IDEDistributionMethodDevelopmentSigned: 0x7fe7737c2290>', team='<IDEProvisioningDisambiguatableBasicTeam: 0x7fe76ea6c220; teamID='NP4S9JY938', teamName='WAROB LLC', teamType='(null)', username='(null)', isFreeProvisioningTeam='0'>'>
	<IDEDistributionContext: 0x7fe773f007c0; archive = '<IDEArchive: 0x7fe771f9b830>', distributionMethod='<IDEDistributionMethodDevelopmentSigned: 0x7fe7737c2290>', team='<IDEProvisioningDisambiguatableBasicTeam: 0x7fe76ea6c220; teamID='NP4S9JY938', teamName='WAROB LLC', teamType='(null)', username='(null)', isFreeProvisioningTeam='0'>'>
	<IDEDistributionContext: 0x7fe773713490; archive = '<IDEArchive: 0x7fe771f9b830>', distributionMethod='<IDEDistributionMethodDevelopmentSigned: 0x7fe7737c2290>', team='<IDEProvisioningDisambiguatableBasicTeam: 0x7fe76ea6c220; teamID='NP4S9JY938', teamName='WAROB LLC', teamType='(null)', username='(null)', isFreeProvisioningTeam='0'>'>
	<IDEDistributionContext: 0x7fe773f46cc0; archive = '<IDEArchive: 0x7fe771f9b830>', distributionMethod='<IDEDistributionMethodDevelopmentSigned: 0x7fe7737c2290>', team='<IDEProvisioningDisambiguatableBasicTeam: 0x7fe76ea6c220; teamID='NP4S9JY938', teamName='WAROB LLC', teamType='(null)', username='(null)', isFreeProvisioningTeam='0'>'>
	<IDEDistributionContext: 0x7fe773f87aa0; archive = '<IDEArchive: 0x7fe771f9b830>', distributionMethod='<IDEDistributionMethodDevelopmentSigned: 0x7fe7737c2290>', team='<IDEProvisioningDisambiguatableBasicTeam: 0x7fe76ea6c220; teamID='NP4S9JY938', teamName='WAROB LLC', teamType='(null)', username='(null)', isFreeProvisioningTeam='0'>'>
	<IDEDistributionContext: 0x7fe7769b42d0; archive = '<IDEArchive: 0x7fe771f9b830>', distributionMethod='<IDEDistributionMethodDevelopmentSigned: 0x7fe7737c2290>', team='<IDEProvisioningDisambiguatableBasicTeam: 0x7fe76ea6c220; teamID='NP4S9JY938', teamName='WAROB LLC', teamType='(null)', username='(null)', isFreeProvisioningTeam='0'>'>
	<IDEDistributionContext: 0x7fe7733e5b90; archive = '<IDEArchive: 0x7fe771f9b830>', distributionMethod='<IDEDistributionMethodDevelopmentSigned: 0x7fe7737c2290>', team='<IDEProvisioningDisambiguatableBasicTeam: 0x7fe76ea6c220; teamID='NP4S9JY938', teamName='WAROB LLC', teamType='(null)', username='(null)', isFreeProvisioningTeam='0'>'>
	<IDEDistributionContext: 0x7fe7599434f0; archive = '<IDEArchive: 0x7fe771f9b830>', distributionMethod='<IDEDistributionMethodDevelopmentSigned: 0x7fe7737c2290>', team='<IDEProvisioningDisambiguatableBasicTeam: 0x7fe76ea6c220; teamID='NP4S9JY938', teamName='WAROB LLC', teamType='(null)', username='(null)', isFreeProvisioningTeam='0'>'>
	<IDEDistributionContext: 0x7fe7738573f0; archive = '<IDEArchive: 0x7fe771f9b830>', distributionMethod='<IDEDistributionMethodDevelopmentSigned: 0x7fe7737c2290>', team='(null)'>
	<IDEDistributionContext: 0x7fe76ea00000; archive = '<IDEArchive: 0x7fe771f9b830>', distributionMethod='<IDEDistributionMethodDevelopmentSigned: 0x7fe7737c2290>', team='(null)'>
	<IDEDistributionContext: 0x7fe759a0e3b0; archive = '<IDEArchive: 0x7fe771f9b830>', distributionMethod='<IDEDistributionMethodDevelopmentSigned: 0x7fe7737c2290>', team='(null)'>
	<IDEDistributionContext: 0x7fe7599f68e0; archive = '<IDEArchive: 0x7fe771f9b830>', distributionMethod='(null)', team='(null)'>
</IDEDistributionProcessingPipelineContext: 0x7fe758fb5050>
2019-11-24 06:39:11 +0000  Processing step: IDEDistributionCreateDestRootStep
2019-11-24 06:39:11 +0000  Processing step: IDEDistributionCopyItemStep
2019-11-24 06:39:11 +0000  Running /usr/bin/ditto '-V' '/Users/mac/Library/Developer/Xcode/Archives/2019-11-24/ChicagoApp 24-11-19, 12.08 PM.xcarchive/Products/Applications/Chicago Callsheet.app' '/var/folders/gz/7b5gdx2s0gg4hspk0p9dbmjr0000gn/T/XcodeDistPipeline.~~~ZIE8a0/Root/Payload/Chicago Callsheet.app'
2019-11-24 06:39:11 +0000  >>> Copying /Users/mac/Library/Developer/Xcode/Archives/2019-11-24/ChicagoApp 24-11-19, 12.08 PM.xcarchive/Products/Applications/Chicago Callsheet.app 
2019-11-24 06:39:11 +0000  copying file ./_CodeSignature/CodeResources ... 
2019-11-24 06:39:11 +0000  14939 bytes for ./_CodeSignature/CodeResources
2019-11-24 06:39:11 +0000  copying file ./AppIcon60x60@2x.png ... 
2019-11-24 06:39:11 +0000  13287 bytes for ./AppIcon60x60@2x.png
2019-11-24 06:39:11 +0000  copying file ./Chicago Callsheet ... 
2019-11-24 06:39:11 +0000  1208736 bytes for ./Chicago Callsheet
2019-11-24 06:39:11 +0000  copying file ./Base.lproj/Main.storyboardc/DetailsViewController.nib ... 
2019-11-24 06:39:11 +0000  1082 bytes for ./Base.lproj/Main.storyboardc/DetailsViewController.nib
2019-11-24 06:39:11 +0000  copying file ./Base.lproj/Main.storyboardc/UINavigationController-cDy-ei-iMQ.nib ... 
2019-11-24 06:39:11 +0000  1875 bytes for ./Base.lproj/Main.storyboardc/UINavigationController-cDy-ei-iMQ.nib
2019-11-24 06:39:11 +0000  copying file ./Base.lproj/Main.storyboardc/twK-gc-UXi-view-X1u-RE-RVR.nib ... 
2019-11-24 06:39:11 +0000  13191 bytes for ./Base.lproj/Main.storyboardc/twK-gc-UXi-view-X1u-RE-RVR.nib
copying file ./Base.lproj/Main.storyboardc/HomeViewController.nib ... 
2019-11-24 06:39:11 +0000  1154 bytes for ./Base.lproj/Main.storyboardc/HomeViewController.nib
copying file ./Base.lproj/Main.storyboardc/JOH-DS-a7B-view-gYB-9X-55X.nib ... 
2019-11-24 06:39:11 +0000  17896 bytes for ./Base.lproj/Main.storyboardc/JOH-DS-a7B-view-gYB-9X-55X.nib
2019-11-24 06:39:11 +0000  copying file ./Base.lproj/Main.storyboardc/Yt9-LS-n7f-view-Qhw-bL-LUQ.nib ... 
2019-11-24 06:39:11 +0000  13742 bytes for ./Base.lproj/Main.storyboardc/Yt9-LS-n7f-view-Qhw-bL-LUQ.nib
2019-11-24 06:39:11 +0000  copying file ./Base.lproj/Main.storyboardc/LikedCategoryViewController.nib ... 
2019-11-24 06:39:11 +0000  1094 bytes for ./Base.lproj/Main.storyboardc/LikedCategoryViewController.nib
copying file ./Base.lproj/Main.storyboardc/BYZ-38-t0r-view-8bC-Xf-vdC.nib ... 
2019-11-24 06:39:11 +0000  13156 bytes for ./Base.lproj/Main.storyboardc/BYZ-38-t0r-view-8bC-Xf-vdC.nib
2019-11-24 06:39:11 +0000  copying file ./Base.lproj/Main.storyboardc/LocationListViewController.nib ... 
2019-11-24 06:39:11 +0000  1092 bytes for ./Base.lproj/Main.storyboardc/LocationListViewController.nib
copying file ./Base.lproj/Main.storyboardc/z8j-rX-zJ3-view-w6G-lQ-2RY.nib ... 
2019-11-24 06:39:11 +0000  15249 bytes for ./Base.lproj/Main.storyboardc/z8j-rX-zJ3-view-w6G-lQ-2RY.nib
copying file ./Base.lproj/Main.storyboardc/CategoryViewController.nib ... 
2019-11-24 06:39:11 +0000  1084 bytes for ./Base.lproj/Main.storyboardc/CategoryViewController.nib
2019-11-24 06:39:11 +0000  copying file ./Base.lproj/Main.storyboardc/Info.plist ... 
2019-11-24 06:39:11 +0000  573 bytes for ./Base.lproj/Main.storyboardc/Info.plist
2019-11-24 06:39:11 +0000  copying file ./Base.lproj/LaunchScreen.storyboardc/01J-lp-oVM-view-Ze5-6b-2t3.nib ... 
2019-11-24 06:39:11 +0000  2847 bytes for ./Base.lproj/LaunchScreen.storyboardc/01J-lp-oVM-view-Ze5-6b-2t3.nib
2019-11-24 06:39:11 +0000  copying file ./Base.lproj/LaunchScreen.storyboardc/UIViewController-01J-lp-oVM.nib ... 
2019-11-24 06:39:11 +0000  896 bytes for ./Base.lproj/LaunchScreen.storyboardc/UIViewController-01J-lp-oVM.nib
2019-11-24 06:39:11 +0000  copying file ./Base.lproj/LaunchScreen.storyboardc/Info.plist ... 
2019-11-24 06:39:11 +0000  258 bytes for ./Base.lproj/LaunchScreen.storyboardc/Info.plist
2019-11-24 06:39:11 +0000  copying file ./Assets.car ... 
2019-11-24 06:39:11 +0000  1779712 bytes for ./Assets.car
2019-11-24 06:39:11 +0000  copying file ./Frameworks/SwiftyJSON.framework/_CodeSignature/CodeResources ... 
2019-11-24 06:39:11 +0000  1798 bytes for ./Frameworks/SwiftyJSON.framework/_CodeSignature/CodeResources
2019-11-24 06:39:11 +0000  copying file ./Frameworks/SwiftyJSON.framework/SwiftyJSON ... 
2019-11-24 06:39:11 +0000  990336 bytes for ./Frameworks/SwiftyJSON.framework/SwiftyJSON
copying file ./Frameworks/SwiftyJSON.framework/Info.plist ... 
2019-11-24 06:39:11 +0000  744 bytes for ./Frameworks/SwiftyJSON.framework/Info.plist
2019-11-24 06:39:11 +0000  copying file ./Frameworks/Alamofire_SwiftyJSON.framework/_CodeSignature/CodeResources ... 
2019-11-24 06:39:11 +0000  1798 bytes for ./Frameworks/Alamofire_SwiftyJSON.framework/_CodeSignature/CodeResources
2019-11-24 06:39:11 +0000  copying file ./Frameworks/Alamofire_SwiftyJSON.framework/Alamofire_SwiftyJSON ... 
2019-11-24 06:39:11 +0000  167600 bytes for ./Frameworks/Alamofire_SwiftyJSON.framework/Alamofire_SwiftyJSON
copying file ./Frameworks/Alamofire_SwiftyJSON.framework/Info.plist ... 
2019-11-24 06:39:11 +0000  766 bytes for ./Frameworks/Alamofire_SwiftyJSON.framework/Info.plist
2019-11-24 06:39:11 +0000  copying file ./Frameworks/IQKeyboardManagerSwift.framework/_CodeSignature/CodeResources ... 
2019-11-24 06:39:11 +0000  4698 bytes for ./Frameworks/IQKeyboardManagerSwift.framework/_CodeSignature/CodeResources
2019-11-24 06:39:11 +0000  copying file ./Frameworks/IQKeyboardManagerSwift.framework/IQKeyboardManager.bundle/IQButtonBarArrowRight@2x.png ... 
2019-11-24 06:39:11 +0000  1786 bytes for ./Frameworks/IQKeyboardManagerSwift.framework/IQKeyboardManager.bundle/IQButtonBarArrowRight@2x.png
copying file ./Frameworks/IQKeyboardManagerSwift.framework/IQKeyboardManager.bundle/IQButtonBarArrowUp@3x.png ... 
2019-11-24 06:39:11 +0000  2164 bytes for ./Frameworks/IQKeyboardManagerSwift.framework/IQKeyboardManager.bundle/IQButtonBarArrowUp@3x.png
copying file ./Frameworks/IQKeyboardManagerSwift.framework/IQKeyboardManager.bundle/IQButtonBarArrowUp@2x.png ... 
2019-11-24 06:39:11 +0000  1769 bytes for ./Frameworks/IQKeyboardManagerSwift.framework/IQKeyboardManager.bundle/IQButtonBarArrowUp@2x.png
copying file ./Frameworks/IQKeyboardManagerSwift.framework/IQKeyboardManager.bundle/IQButtonBarArrowRight@3x.png ... 
2019-11-24 06:39:11 +0000  1844 bytes for ./Frameworks/IQKeyboardManagerSwift.framework/IQKeyboardManager.bundle/IQButtonBarArrowRight@3x.png
2019-11-24 06:39:11 +0000  copying file ./Frameworks/IQKeyboardManagerSwift.framework/IQKeyboardManager.bundle/IQButtonBarArrowLeft@3x.png ... 
2019-11-24 06:39:11 +0000  1815 bytes for ./Frameworks/IQKeyboardManagerSwift.framework/IQKeyboardManager.bundle/IQButtonBarArrowLeft@3x.png
2019-11-24 06:39:11 +0000  copying file ./Frameworks/IQKeyboardManagerSwift.framework/IQKeyboardManager.bundle/IQButtonBarArrowDown@3x.png ... 
2019-11-24 06:39:11 +0000  2177 bytes for ./Frameworks/IQKeyboardManagerSwift.framework/IQKeyboardManager.bundle/IQButtonBarArrowDown@3x.png
2019-11-24 06:39:11 +0000  copying file ./Frameworks/IQKeyboardManagerSwift.framework/IQKeyboardManager.bundle/IQButtonBarArrowDown@2x.png ... 
2019-11-24 06:39:11 +0000  1764 bytes for ./Frameworks/IQKeyboardManagerSwift.framework/IQKeyboardManager.bundle/IQButtonBarArrowDown@2x.png
2019-11-24 06:39:11 +0000  copying file ./Frameworks/IQKeyboardManagerSwift.framework/IQKeyboardManager.bundle/IQButtonBarArrowLeft@2x.png ... 
2019-11-24 06:39:11 +0000  1793 bytes for ./Frameworks/IQKeyboardManagerSwift.framework/IQKeyboardManager.bundle/IQButtonBarArrowLeft@2x.png
2019-11-24 06:39:11 +0000  copying file ./Frameworks/IQKeyboardManagerSwift.framework/IQKeyboardManagerSwift ... 
2019-11-24 06:39:11 +0000  2527616 bytes for ./Frameworks/IQKeyboardManagerSwift.framework/IQKeyboardManagerSwift
2019-11-24 06:39:11 +0000  copying file ./Frameworks/IQKeyboardManagerSwift.framework/Info.plist ... 
770 bytes for ./Frameworks/IQKeyboardManagerSwift.framework/Info.plist
copying file ./Frameworks/Alamofire.framework/_CodeSignature/CodeResources ... 
2019-11-24 06:39:11 +0000  1798 bytes for ./Frameworks/Alamofire.framework/_CodeSignature/CodeResources
2019-11-24 06:39:11 +0000  copying file ./Frameworks/Alamofire.framework/Alamofire ... 
2019-11-24 06:39:11 +0000  3973520 bytes for ./Frameworks/Alamofire.framework/Alamofire
copying file ./Frameworks/Alamofire.framework/Info.plist ... 
2019-11-24 06:39:11 +0000  742 bytes for ./Frameworks/Alamofire.framework/Info.plist
2019-11-24 06:39:11 +0000  copying file ./Frameworks/SDWebImage.framework/_CodeSignature/CodeResources ... 
2019-11-24 06:39:11 +0000  1798 bytes for ./Frameworks/SDWebImage.framework/_CodeSignature/CodeResources
2019-11-24 06:39:11 +0000  copying file ./Frameworks/SDWebImage.framework/SDWebImage ... 
2019-11-24 06:39:11 +0000  1474736 bytes for ./Frameworks/SDWebImage.framework/SDWebImage
2019-11-24 06:39:11 +0000  copying file ./Frameworks/SDWebImage.framework/Info.plist ... 
2019-11-24 06:39:11 +0000  744 bytes for ./Frameworks/SDWebImage.framework/Info.plist
2019-11-24 06:39:11 +0000  copying file ./ChicagoApp.momd/VersionInfo.plist ... 
2019-11-24 06:39:11 +0000  150 bytes for ./ChicagoApp.momd/VersionInfo.plist
copying file ./ChicagoApp.momd/ChicagoApp.mom ... 
2019-11-24 06:39:11 +0000  1817 bytes for ./ChicagoApp.momd/ChicagoApp.mom
2019-11-24 06:39:11 +0000  copying file ./embedded.mobileprovision ... 
2019-11-24 06:39:11 +0000  10340 bytes for ./embedded.mobileprovision
2019-11-24 06:39:11 +0000  copying file ./Info.plist ... 
2019-11-24 06:39:11 +0000  1702 bytes for ./Info.plist
2019-11-24 06:39:11 +0000  copying file ./PkgInfo ... 
2019-11-24 06:39:11 +0000  8 bytes for ./PkgInfo
2019-11-24 06:39:11 +0000  /usr/bin/ditto exited with 0
2019-11-24 06:39:11 +0000  Processing step: IDEDistributionEmbedProfileStep
2019-11-24 06:39:11 +0000  Skipping profile for item: <IDEDistributionItem: 0x7fe775f23190; bundleID='org.cocoapods.Alamofire', path='<DVTFilePath:0x7fe775ad4880:'/Users/mac/Library/Developer/Xcode/Archives/2019-11-24/ChicagoApp 24-11-19, 12.08 PM.xcarchive/Products/Applications/Chicago Callsheet.app/Frameworks/Alamofire.framework'>', codeSigningInfo='<_DVTCodeSigningInformation_Path: 0x7fe7599abf70; isSigned='1', isAdHocSigned='0', signingCertificate='<DVTSigningCertificate: 0x7fe7599ef1b0; name='iPhone Developer: Jigar Tarsariya (Z68D5JYFMG)', hash='79A6C0EDEF7B485BC4D537AF1DFB698925D91547', serialNumber='36B3B4135011B517', certificateKinds='(
    "1.2.840.113635.100.6.1.2"
), issueDate='2019-10-13 14:01:38 +0000''>', entitlements='(null)', teamID='NP4S9JY938', identifier='org.cocoapods.Alamofire', executablePath='<DVTFilePath:0x7fe776414f60:'/Users/mac/Library/Developer/Xcode/Archives/2019-11-24/ChicagoApp 24-11-19, 12.08 PM.xcarchive/Products/Applications/Chicago Callsheet.app/Frameworks/Alamofire.framework/Alamofire'>', hardenedRuntime='0'>'>
2019-11-24 06:39:11 +0000  Skipping profile for item: <IDEDistributionItem: 0x7fe757cde420; bundleID='org.cocoapods.Alamofire-SwiftyJSON', path='<DVTFilePath:0x7fe75990de40:'/Users/mac/Library/Developer/Xcode/Archives/2019-11-24/ChicagoApp 24-11-19, 12.08 PM.xcarchive/Products/Applications/Chicago Callsheet.app/Frameworks/Alamofire_SwiftyJSON.framework'>', codeSigningInfo='<_DVTCodeSigningInformation_Path: 0x7fe7599b7070; isSigned='1', isAdHocSigned='0', signingCertificate='<DVTSigningCertificate: 0x7fe757fe4f30; name='iPhone Developer: Jigar Tarsariya (Z68D5JYFMG)', hash='79A6C0EDEF7B485BC4D537AF1DFB698925D91547', serialNumber='36B3B4135011B517', certificateKinds='(
    "1.2.840.113635.100.6.1.2"
), issueDate='2019-10-13 14:01:38 +0000''>', entitlements='(null)', teamID='NP4S9JY938', identifier='org.cocoapods.Alamofire-SwiftyJSON', executablePath='<DVTFilePath:0x7fe759922c20:'/Users/mac/Library/Developer/Xcode/Archives/2019-11-24/ChicagoApp 24-11-19, 12.08 PM.xcarchive/Products/Applications/Chicago Callsheet.app/Frameworks/Alamofire_SwiftyJSON.framework/Alamofire_SwiftyJSON'>', hardenedRuntime='0'>'>
2019-11-24 06:39:11 +0000  Skipping profile for item: <IDEDistributionItem: 0x7fe775b597c0; bundleID='org.cocoapods.IQKeyboardManagerSwift', path='<DVTFilePath:0x7fe7599e7570:'/Users/mac/Library/Developer/Xcode/Archives/2019-11-24/ChicagoApp 24-11-19, 12.08 PM.xcarchive/Products/Applications/Chicago Callsheet.app/Frameworks/IQKeyboardManagerSwift.framework'>', codeSigningInfo='<_DVTCodeSigningInformation_Path: 0x7fe7599e5330; isSigned='1', isAdHocSigned='0', signingCertificate='<DVTSigningCertificate: 0x7fe773f50af0; name='iPhone Developer: Jigar Tarsariya (Z68D5JYFMG)', hash='79A6C0EDEF7B485BC4D537AF1DFB698925D91547', serialNumber='36B3B4135011B517', certificateKinds='(
    "1.2.840.113635.100.6.1.2"
), issueDate='2019-10-13 14:01:38 +0000''>', entitlements='(null)', teamID='NP4S9JY938', identifier='org.cocoapods.IQKeyboardManagerSwift', executablePath='<DVTFilePath:0x7fe7599e3280:'/Users/mac/Library/Developer/Xcode/Archives/2019-11-24/ChicagoApp 24-11-19, 12.08 PM.xcarchive/Products/Applications/Chicago Callsheet.app/Frameworks/IQKeyboardManagerSwift.framework/IQKeyboardManagerSwift'>', hardenedRuntime='0'>'>
2019-11-24 06:39:11 +0000  Skipping profile for item: <IDEDistributionItem: 0x7fe7599ab570; bundleID='org.cocoapods.SDWebImage', path='<DVTFilePath:0x7fe773398560:'/Users/mac/Library/Developer/Xcode/Archives/2019-11-24/ChicagoApp 24-11-19, 12.08 PM.xcarchive/Products/Applications/Chicago Callsheet.app/Frameworks/SDWebImage.framework'>', codeSigningInfo='<_DVTCodeSigningInformation_Path: 0x7fe7599a7770; isSigned='1', isAdHocSigned='0', signingCertificate='<DVTSigningCertificate: 0x7fe7599ef1b0; name='iPhone Developer: Jigar Tarsariya (Z68D5JYFMG)', hash='79A6C0EDEF7B485BC4D537AF1DFB698925D91547', serialNumber='36B3B4135011B517', certificateKinds='(
    "1.2.840.113635.100.6.1.2"
), issueDate='2019-10-13 14:01:38 +0000''>', entitlements='(null)', teamID='NP4S9JY938', identifier='org.cocoapods.SDWebImage', executablePath='<DVTFilePath:0x7fe775a5cba0:'/Users/mac/Library/Developer/Xcode/Archives/2019-11-24/ChicagoApp 24-11-19, 12.08 PM.xcarchive/Products/Applications/Chicago Callsheet.app/Frameworks/SDWebImage.framework/SDWebImage'>', hardenedRuntime='0'>'>
2019-11-24 06:39:11 +0000  Skipping profile for item: <IDEDistributionItem: 0x7fe775f11ba0; bundleID='org.cocoapods.SwiftyJSON', path='<DVTFilePath:0x7fe7599a3840:'/Users/mac/Library/Developer/Xcode/Archives/2019-11-24/ChicagoApp 24-11-19, 12.08 PM.xcarchive/Products/Applications/Chicago Callsheet.app/Frameworks/SwiftyJSON.framework'>', codeSigningInfo='<_DVTCodeSigningInformation_Path: 0x7fe7599f71c0; isSigned='1', isAdHocSigned='0', signingCertificate='<DVTSigningCertificate: 0x7fe7599ef1b0; name='iPhone Developer: Jigar Tarsariya (Z68D5JYFMG)', hash='79A6C0EDEF7B485BC4D537AF1DFB698925D91547', serialNumber='36B3B4135011B517', certificateKinds='(
    "1.2.840.113635.100.6.1.2"
), issueDate='2019-10-13 14:01:38 +0000''>', entitlements='(null)', teamID='NP4S9JY938', identifier='org.cocoapods.SwiftyJSON', executablePath='<DVTFilePath:0x7fe757fe4b90:'/Users/mac/Library/Developer/Xcode/Archives/2019-11-24/ChicagoApp 24-11-19, 12.08 PM.xcarchive/Products/Applications/Chicago Callsheet.app/Frameworks/SwiftyJSON.framework/SwiftyJSON'>', hardenedRuntime='0'>'>
2019-11-24 06:39:11 +0000  Processing step: IDEDistributionAppThinningPlistStep
2019-11-24 06:39:11 +0000  Skipping step: IDEDistributionAppThinningPlistStep because it said so
2019-11-24 06:39:11 +0000  Processing step: IDEDistributionCompileBitcodeStep
2019-11-24 06:39:11 +0000  Skipping step: IDEDistributionCompileBitcodeStep because it said so
2019-11-24 06:39:11 +0000  Processing step: IDEDistributionCodeSlimmingStep
2019-11-24 06:39:11 +0000  Processing step: IDEDistributionCopyBCSymbolMapsStep
2019-11-24 06:39:11 +0000  Skipping step: IDEDistributionCopyBCSymbolMapsStep because it said so
2019-11-24 06:39:11 +0000  Skipping step: IDEDistributionCopyBCSymbolMapsStep because it said so
2019-11-24 06:39:11 +0000  Skipping step: IDEDistributionCopyBCSymbolMapsStep because it said so
2019-11-24 06:39:11 +0000  Skipping step: IDEDistributionCopyBCSymbolMapsStep because it said so
2019-11-24 06:39:11 +0000  Skipping step: IDEDistributionCopyBCSymbolMapsStep because it said so
2019-11-24 06:39:11 +0000  Skipping step: IDEDistributionCopyBCSymbolMapsStep because it said so
2019-11-24 06:39:11 +0000  Processing step: IDEDistributionSymbolsStep
2019-11-24 06:39:11 +0000  Skipping step: IDEDistributionSymbolsStep because it said so
2019-11-24 06:39:11 +0000  Skipping step: IDEDistributionSymbolsStep because it said so
2019-11-24 06:39:11 +0000  Skipping step: IDEDistributionSymbolsStep because it said so
2019-11-24 06:39:11 +0000  Skipping step: IDEDistributionSymbolsStep because it said so
2019-11-24 06:39:11 +0000  Skipping step: IDEDistributionSymbolsStep because it said so
2019-11-24 06:39:11 +0000  Skipping step: IDEDistributionSymbolsStep because it said so
2019-11-24 06:39:11 +0000  Processing step: IDEDistributionAppThinningStep
2019-11-24 06:39:11 +0000  Skipping step: IDEDistributionAppThinningStep because it said so
2019-11-24 06:39:11 +0000  Processing step: IDEDistributionArchThinningStep
2019-11-24 06:39:11 +0000  Running /Applications/Xcode.app/Contents/Developer/Toolchains/XcodeDefault.xctoolchain/usr/bin/lipo '/var/folders/gz/7b5gdx2s0gg4hspk0p9dbmjr0000gn/T/XcodeDistPipeline.~~~ZIE8a0/Root/Payload/Chicago Callsheet.app/Frameworks/Alamofire.framework/Alamofire' '-verify_arch' 'arm64e'
2019-11-24 06:39:11 +0000  /Applications/Xcode.app/Contents/Developer/Toolchains/XcodeDefault.xctoolchain/usr/bin/lipo exited with 1
2019-11-24 06:39:11 +0000  Skipping architecture thinning for item "Alamofire" because arch "arm64e" wasn't found
2019-11-24 06:39:11 +0000  Running /Applications/Xcode.app/Contents/Developer/Toolchains/XcodeDefault.xctoolchain/usr/bin/lipo '/var/folders/gz/7b5gdx2s0gg4hspk0p9dbmjr0000gn/T/XcodeDistPipeline.~~~ZIE8a0/Root/Payload/Chicago Callsheet.app/Frameworks/Alamofire_SwiftyJSON.framework/Alamofire_SwiftyJSON' '-verify_arch' 'arm64e'
2019-11-24 06:39:11 +0000  /Applications/Xcode.app/Contents/Developer/Toolchains/XcodeDefault.xctoolchain/usr/bin/lipo exited with 1
2019-11-24 06:39:11 +0000  Skipping architecture thinning for item "Alamofire_SwiftyJSON" because arch "arm64e" wasn't found
2019-11-24 06:39:11 +0000  Running /Applications/Xcode.app/Contents/Developer/Toolchains/XcodeDefault.xctoolchain/usr/bin/lipo '/var/folders/gz/7b5gdx2s0gg4hspk0p9dbmjr0000gn/T/XcodeDistPipeline.~~~ZIE8a0/Root/Payload/Chicago Callsheet.app/Frameworks/IQKeyboardManagerSwift.framework/IQKeyboardManagerSwift' '-verify_arch' 'arm64e'
2019-11-24 06:39:11 +0000  /Applications/Xcode.app/Contents/Developer/Toolchains/XcodeDefault.xctoolchain/usr/bin/lipo exited with 1
2019-11-24 06:39:11 +0000  Skipping architecture thinning for item "IQKeyboardManagerSwift" because arch "arm64e" wasn't found
2019-11-24 06:39:11 +0000  Running /Applications/Xcode.app/Contents/Developer/Toolchains/XcodeDefault.xctoolchain/usr/bin/lipo '/var/folders/gz/7b5gdx2s0gg4hspk0p9dbmjr0000gn/T/XcodeDistPipeline.~~~ZIE8a0/Root/Payload/Chicago Callsheet.app/Frameworks/SDWebImage.framework/SDWebImage' '-verify_arch' 'arm64e'
2019-11-24 06:39:11 +0000  /Applications/Xcode.app/Contents/Developer/Toolchains/XcodeDefault.xctoolchain/usr/bin/lipo exited with 1
2019-11-24 06:39:11 +0000  Skipping architecture thinning for item "SDWebImage" because arch "arm64e" wasn't found
2019-11-24 06:39:11 +0000  Running /Applications/Xcode.app/Contents/Developer/Toolchains/XcodeDefault.xctoolchain/usr/bin/lipo '/var/folders/gz/7b5gdx2s0gg4hspk0p9dbmjr0000gn/T/XcodeDistPipeline.~~~ZIE8a0/Root/Payload/Chicago Callsheet.app/Frameworks/SwiftyJSON.framework/SwiftyJSON' '-verify_arch' 'arm64e'
2019-11-24 06:39:11 +0000  /Applications/Xcode.app/Contents/Developer/Toolchains/XcodeDefault.xctoolchain/usr/bin/lipo exited with 1
2019-11-24 06:39:11 +0000  Skipping architecture thinning for item "SwiftyJSON" because arch "arm64e" wasn't found
2019-11-24 06:39:11 +0000  Running /Applications/Xcode.app/Contents/Developer/Toolchains/XcodeDefault.xctoolchain/usr/bin/lipo '/var/folders/gz/7b5gdx2s0gg4hspk0p9dbmjr0000gn/T/XcodeDistPipeline.~~~ZIE8a0/Root/Payload/Chicago Callsheet.app/Chicago Callsheet' '-verify_arch' 'arm64e'
2019-11-24 06:39:11 +0000  /Applications/Xcode.app/Contents/Developer/Toolchains/XcodeDefault.xctoolchain/usr/bin/lipo exited with 1
2019-11-24 06:39:11 +0000  Skipping architecture thinning for item "Chicago Callsheet" because arch "arm64e" wasn't found
2019-11-24 06:39:11 +0000  Processing step: IDEDistributionODRStep
2019-11-24 06:39:11 +0000  Processing step: IDEDistributionStripXattrsStep
2019-11-24 06:39:11 +0000  Skipping stripping extended attributes of item: <IDEDistributionItem: 0x7fe775f23190; bundleID='org.cocoapods.Alamofire', path='<DVTFilePath:0x7fe775ad4880:'/Users/mac/Library/Developer/Xcode/Archives/2019-11-24/ChicagoApp 24-11-19, 12.08 PM.xcarchive/Products/Applications/Chicago Callsheet.app/Frameworks/Alamofire.framework'>', codeSigningInfo='<_DVTCodeSigningInformation_Path: 0x7fe7599abf70; isSigned='1', isAdHocSigned='0', signingCertificate='<DVTSigningCertificate: 0x7fe7599d4c80; name='iPhone Developer: Jigar Tarsariya (Z68D5JYFMG)', hash='79A6C0EDEF7B485BC4D537AF1DFB698925D91547', serialNumber='36B3B4135011B517', certificateKinds='(
    "1.2.840.113635.100.6.1.2"
), issueDate='2019-10-13 14:01:38 +0000''>', entitlements='(null)', teamID='NP4S9JY938', identifier='org.cocoapods.Alamofire', executablePath='<DVTFilePath:0x7fe776414f60:'/Users/mac/Library/Developer/Xcode/Archives/2019-11-24/ChicagoApp 24-11-19, 12.08 PM.xcarchive/Products/Applications/Chicago Callsheet.app/Frameworks/Alamofire.framework/Alamofire'>', hardenedRuntime='0'>'>
2019-11-24 06:39:11 +0000  Skipping stripping extended attributes of item: <IDEDistributionItem: 0x7fe757cde420; bundleID='org.cocoapods.Alamofire-SwiftyJSON', path='<DVTFilePath:0x7fe75990de40:'/Users/mac/Library/Developer/Xcode/Archives/2019-11-24/ChicagoApp 24-11-19, 12.08 PM.xcarchive/Products/Applications/Chicago Callsheet.app/Frameworks/Alamofire_SwiftyJSON.framework'>', codeSigningInfo='<_DVTCodeSigningInformation_Path: 0x7fe7599b7070; isSigned='1', isAdHocSigned='0', signingCertificate='<DVTSigningCertificate: 0x7fe7599e0f20; name='iPhone Developer: Jigar Tarsariya (Z68D5JYFMG)', hash='79A6C0EDEF7B485BC4D537AF1DFB698925D91547', serialNumber='36B3B4135011B517', certificateKinds='(
    "1.2.840.113635.100.6.1.2"
), issueDate='2019-10-13 14:01:38 +0000''>', entitlements='(null)', teamID='NP4S9JY938', identifier='org.cocoapods.Alamofire-SwiftyJSON', executablePath='<DVTFilePath:0x7fe759922c20:'/Users/mac/Library/Developer/Xcode/Archives/2019-11-24/ChicagoApp 24-11-19, 12.08 PM.xcarchive/Products/Applications/Chicago Callsheet.app/Frameworks/Alamofire_SwiftyJSON.framework/Alamofire_SwiftyJSON'>', hardenedRuntime='0'>'>
2019-11-24 06:39:11 +0000  Skipping stripping extended attributes of item: <IDEDistributionItem: 0x7fe775b597c0; bundleID='org.cocoapods.IQKeyboardManagerSwift', path='<DVTFilePath:0x7fe7599e7570:'/Users/mac/Library/Developer/Xcode/Archives/2019-11-24/ChicagoApp 24-11-19, 12.08 PM.xcarchive/Products/Applications/Chicago Callsheet.app/Frameworks/IQKeyboardManagerSwift.framework'>', codeSigningInfo='<_DVTCodeSigningInformation_Path: 0x7fe7599e5330; isSigned='1', isAdHocSigned='0', signingCertificate='<DVTSigningCertificate: 0x7fe7599d4c80; name='iPhone Developer: Jigar Tarsariya (Z68D5JYFMG)', hash='79A6C0EDEF7B485BC4D537AF1DFB698925D91547', serialNumber='36B3B4135011B517', certificateKinds='(
    "1.2.840.113635.100.6.1.2"
), issueDate='2019-10-13 14:01:38 +0000''>', entitlements='(null)', teamID='NP4S9JY938', identifier='org.cocoapods.IQKeyboardManagerSwift', executablePath='<DVTFilePath:0x7fe7599e3280:'/Users/mac/Library/Developer/Xcode/Archives/2019-11-24/ChicagoApp 24-11-19, 12.08 PM.xcarchive/Products/Applications/Chicago Callsheet.app/Frameworks/IQKeyboardManagerSwift.framework/IQKeyboardManagerSwift'>', hardenedRuntime='0'>'>
2019-11-24 06:39:11 +0000  Skipping stripping extended attributes of item: <IDEDistributionItem: 0x7fe7599ab570; bundleID='org.cocoapods.SDWebImage', path='<DVTFilePath:0x7fe773398560:'/Users/mac/Library/Developer/Xcode/Archives/2019-11-24/ChicagoApp 24-11-19, 12.08 PM.xcarchive/Products/Applications/Chicago Callsheet.app/Frameworks/SDWebImage.framework'>', codeSigningInfo='<_DVTCodeSigningInformation_Path: 0x7fe7599a7770; isSigned='1', isAdHocSigned='0', signingCertificate='<DVTSigningCertificate: 0x7fe7599e0f20; name='iPhone Developer: Jigar Tarsariya (Z68D5JYFMG)', hash='79A6C0EDEF7B485BC4D537AF1DFB698925D91547', serialNumber='36B3B4135011B517', certificateKinds='(
    "1.2.840.113635.100.6.1.2"
), issueDate='2019-10-13 14:01:38 +0000''>', entitlements='(null)', teamID='NP4S9JY938', identifier='org.cocoapods.SDWebImage', executablePath='<DVTFilePath:0x7fe775a5cba0:'/Users/mac/Library/Developer/Xcode/Archives/2019-11-24/ChicagoApp 24-11-19, 12.08 PM.xcarchive/Products/Applications/Chicago Callsheet.app/Frameworks/SDWebImage.framework/SDWebImage'>', hardenedRuntime='0'>'>
2019-11-24 06:39:11 +0000  Skipping stripping extended attributes of item: <IDEDistributionItem: 0x7fe775f11ba0; bundleID='org.cocoapods.SwiftyJSON', path='<DVTFilePath:0x7fe7599a3840:'/Users/mac/Library/Developer/Xcode/Archives/2019-11-24/ChicagoApp 24-11-19, 12.08 PM.xcarchive/Products/Applications/Chicago Callsheet.app/Frameworks/SwiftyJSON.framework'>', codeSigningInfo='<_DVTCodeSigningInformation_Path: 0x7fe7599f71c0; isSigned='1', isAdHocSigned='0', signingCertificate='<DVTSigningCertificate: 0x7fe7599d4c80; name='iPhone Developer: Jigar Tarsariya (Z68D5JYFMG)', hash='79A6C0EDEF7B485BC4D537AF1DFB698925D91547', serialNumber='36B3B4135011B517', certificateKinds='(
    "1.2.840.113635.100.6.1.2"
), issueDate='2019-10-13 14:01:38 +0000''>', entitlements='(null)', teamID='NP4S9JY938', identifier='org.cocoapods.SwiftyJSON', executablePath='<DVTFilePath:0x7fe757fe4b90:'/Users/mac/Library/Developer/Xcode/Archives/2019-11-24/ChicagoApp 24-11-19, 12.08 PM.xcarchive/Products/Applications/Chicago Callsheet.app/Frameworks/SwiftyJSON.framework/SwiftyJSON'>', hardenedRuntime='0'>'>
2019-11-24 06:39:11 +0000  Running /usr/bin/xattr '-crs' '/var/folders/gz/7b5gdx2s0gg4hspk0p9dbmjr0000gn/T/XcodeDistPipeline.~~~ZIE8a0/Root/Payload/Chicago Callsheet.app'
2019-11-24 06:39:12 +0000  /usr/bin/xattr exited with 0
2019-11-24 06:39:12 +0000  Processing step: IDEDistributionCodesignStep
2019-11-24 06:39:12 +0000  Entitlements for <IDEDistributionItem: 0x7fe775f23190; bundleID='org.cocoapods.Alamofire', path='<DVTFilePath:0x7fe775ad4880:'/Users/mac/Library/Developer/Xcode/Archives/2019-11-24/ChicagoApp 24-11-19, 12.08 PM.xcarchive/Products/Applications/Chicago Callsheet.app/Frameworks/Alamofire.framework'>', codeSigningInfo='<_DVTCodeSigningInformation_Path: 0x7fe7599abf70; isSigned='1', isAdHocSigned='0', signingCertificate='<DVTSigningCertificate: 0x7fe77346f270; name='iPhone Developer: Jigar Tarsariya (Z68D5JYFMG)', hash='79A6C0EDEF7B485BC4D537AF1DFB698925D91547', serialNumber='36B3B4135011B517', certificateKinds='(
    "1.2.840.113635.100.6.1.2"
), issueDate='2019-10-13 14:01:38 +0000''>', entitlements='(null)', teamID='NP4S9JY938', identifier='org.cocoapods.Alamofire', executablePath='<DVTFilePath:0x7fe776414f60:'/Users/mac/Library/Developer/Xcode/Archives/2019-11-24/ChicagoApp 24-11-19, 12.08 PM.xcarchive/Products/Applications/Chicago Callsheet.app/Frameworks/Alamofire.framework/Alamofire'>', hardenedRuntime='0'>'>: {
}
2019-11-24 06:39:12 +0000  Writing entitlements for <IDEDistributionItem: 0x7fe775f23190; bundleID='org.cocoapods.Alamofire', path='<DVTFilePath:0x7fe775ad4880:'/Users/mac/Library/Developer/Xcode/Archives/2019-11-24/ChicagoApp 24-11-19, 12.08 PM.xcarchive/Products/Applications/Chicago Callsheet.app/Frameworks/Alamofire.framework'>', codeSigningInfo='<_DVTCodeSigningInformation_Path: 0x7fe7599abf70; isSigned='1', isAdHocSigned='0', signingCertificate='<DVTSigningCertificate: 0x7fe7599ef1b0; name='iPhone Developer: Jigar Tarsariya (Z68D5JYFMG)', hash='79A6C0EDEF7B485BC4D537AF1DFB698925D91547', serialNumber='36B3B4135011B517', certificateKinds='(
    "1.2.840.113635.100.6.1.2"
), issueDate='2019-10-13 14:01:38 +0000''>', entitlements='(null)', teamID='NP4S9JY938', identifier='org.cocoapods.Alamofire', executablePath='<DVTFilePath:0x7fe776414f60:'/Users/mac/Library/Developer/Xcode/Archives/2019-11-24/ChicagoApp 24-11-19, 12.08 PM.xcarchive/Products/Applications/Chicago Callsheet.app/Frameworks/Alamofire.framework/Alamofire'>', hardenedRuntime='0'>'> to: /var/folders/gz/7b5gdx2s0gg4hspk0p9dbmjr0000gn/T/XcodeDistPipeline.~~~ZIE8a0/entitlements~~~eIkalE
2019-11-24 06:39:12 +0000  Running /usr/bin/codesign '-vvv' '--force' '--sign' '79A6C0EDEF7B485BC4D537AF1DFB698925D91547' '--entitlements' '/var/folders/gz/7b5gdx2s0gg4hspk0p9dbmjr0000gn/T/XcodeDistPipeline.~~~ZIE8a0/entitlements~~~eIkalE' '--preserve-metadata=identifier,flags,runtime' '/var/folders/gz/7b5gdx2s0gg4hspk0p9dbmjr0000gn/T/XcodeDistPipeline.~~~ZIE8a0/Root/Payload/Chicago Callsheet.app/Frameworks/Alamofire.framework'
2019-11-24 06:39:12 +0000  /var/folders/gz/7b5gdx2s0gg4hspk0p9dbmjr0000gn/T/XcodeDistPipeline.~~~ZIE8a0/Root/Payload/Chicago Callsheet.app/Frameworks/Alamofire.framework: signed bundle with Mach-O universal (arm64) [org.cocoapods.Alamofire]
2019-11-24 06:39:12 +0000  /usr/bin/codesign exited with 0
2019-11-24 06:39:12 +0000  Entitlements for <IDEDistributionItem: 0x7fe757cde420; bundleID='org.cocoapods.Alamofire-SwiftyJSON', path='<DVTFilePath:0x7fe75990de40:'/Users/mac/Library/Developer/Xcode/Archives/2019-11-24/ChicagoApp 24-11-19, 12.08 PM.xcarchive/Products/Applications/Chicago Callsheet.app/Frameworks/Alamofire_SwiftyJSON.framework'>', codeSigningInfo='<_DVTCodeSigningInformation_Path: 0x7fe7599b7070; isSigned='1', isAdHocSigned='0', signingCertificate='<DVTSigningCertificate: 0x7fe7599cbef0; name='iPhone Developer: Jigar Tarsariya (Z68D5JYFMG)', hash='79A6C0EDEF7B485BC4D537AF1DFB698925D91547', serialNumber='36B3B4135011B517', certificateKinds='(
    "1.2.840.113635.100.6.1.2"
), issueDate='2019-10-13 14:01:38 +0000''>', entitlements='(null)', teamID='NP4S9JY938', identifier='org.cocoapods.Alamofire-SwiftyJSON', executablePath='<DVTFilePath:0x7fe759922c20:'/Users/mac/Library/Developer/Xcode/Archives/2019-11-24/ChicagoApp 24-11-19, 12.08 PM.xcarchive/Products/Applications/Chicago Callsheet.app/Frameworks/Alamofire_SwiftyJSON.framework/Alamofire_SwiftyJSON'>', hardenedRuntime='0'>'>: {
}
2019-11-24 06:39:12 +0000  Writing entitlements for <IDEDistributionItem: 0x7fe757cde420; bundleID='org.cocoapods.Alamofire-SwiftyJSON', path='<DVTFilePath:0x7fe75990de40:'/Users/mac/Library/Developer/Xcode/Archives/2019-11-24/ChicagoApp 24-11-19, 12.08 PM.xcarchive/Products/Applications/Chicago Callsheet.app/Frameworks/Alamofire_SwiftyJSON.framework'>', codeSigningInfo='<_DVTCodeSigningInformation_Path: 0x7fe7599b7070; isSigned='1', isAdHocSigned='0', signingCertificate='<DVTSigningCertificate: 0x7fe758f38c40; name='iPhone Developer: Jigar Tarsariya (Z68D5JYFMG)', hash='79A6C0EDEF7B485BC4D537AF1DFB698925D91547', serialNumber='36B3B4135011B517', certificateKinds='(
    "1.2.840.113635.100.6.1.2"
), issueDate='2019-10-13 14:01:38 +0000''>', entitlements='(null)', teamID='NP4S9JY938', identifier='org.cocoapods.Alamofire-SwiftyJSON', executablePath='<DVTFilePath:0x7fe759922c20:'/Users/mac/Library/Developer/Xcode/Archives/2019-11-24/ChicagoApp 24-11-19, 12.08 PM.xcarchive/Products/Applications/Chicago Callsheet.app/Frameworks/Alamofire_SwiftyJSON.framework/Alamofire_SwiftyJSON'>', hardenedRuntime='0'>'> to: /var/folders/gz/7b5gdx2s0gg4hspk0p9dbmjr0000gn/T/XcodeDistPipeline.~~~ZIE8a0/entitlements~~~iZLGgG
2019-11-24 06:39:12 +0000  Running /usr/bin/codesign '-vvv' '--force' '--sign' '79A6C0EDEF7B485BC4D537AF1DFB698925D91547' '--entitlements' '/var/folders/gz/7b5gdx2s0gg4hspk0p9dbmjr0000gn/T/XcodeDistPipeline.~~~ZIE8a0/entitlements~~~iZLGgG' '--preserve-metadata=identifier,flags,runtime' '/var/folders/gz/7b5gdx2s0gg4hspk0p9dbmjr0000gn/T/XcodeDistPipeline.~~~ZIE8a0/Root/Payload/Chicago Callsheet.app/Frameworks/Alamofire_SwiftyJSON.framework'
2019-11-24 06:39:12 +0000  /var/folders/gz/7b5gdx2s0gg4hspk0p9dbmjr0000gn/T/XcodeDistPipeline.~~~ZIE8a0/Root/Payload/Chicago Callsheet.app/Frameworks/Alamofire_SwiftyJSON.framework: signed bundle with Mach-O universal (arm64) [org.cocoapods.Alamofire-SwiftyJSON]
2019-11-24 06:39:12 +0000  /usr/bin/codesign exited with 0
2019-11-24 06:39:12 +0000  Entitlements for <IDEDistributionItem: 0x7fe775b597c0; bundleID='org.cocoapods.IQKeyboardManagerSwift', path='<DVTFilePath:0x7fe7599e7570:'/Users/mac/Library/Developer/Xcode/Archives/2019-11-24/ChicagoApp 24-11-19, 12.08 PM.xcarchive/Products/Applications/Chicago Callsheet.app/Frameworks/IQKeyboardManagerSwift.framework'>', codeSigningInfo='<_DVTCodeSigningInformation_Path: 0x7fe7599e5330; isSigned='1', isAdHocSigned='0', signingCertificate='<DVTSigningCertificate: 0x7fe77346f270; name='iPhone Developer: Jigar Tarsariya (Z68D5JYFMG)', hash='79A6C0EDEF7B485BC4D537AF1DFB698925D91547', serialNumber='36B3B4135011B517', certificateKinds='(
    "1.2.840.113635.100.6.1.2"
), issueDate='2019-10-13 14:01:38 +0000''>', entitlements='(null)', teamID='NP4S9JY938', identifier='org.cocoapods.IQKeyboardManagerSwift', executablePath='<DVTFilePath:0x7fe7599e3280:'/Users/mac/Library/Developer/Xcode/Archives/2019-11-24/ChicagoApp 24-11-19, 12.08 PM.xcarchive/Products/Applications/Chicago Callsheet.app/Frameworks/IQKeyboardManagerSwift.framework/IQKeyboardManagerSwift'>', hardenedRuntime='0'>'>: {
}
2019-11-24 06:39:12 +0000  Writing entitlements for <IDEDistributionItem: 0x7fe775b597c0; bundleID='org.cocoapods.IQKeyboardManagerSwift', path='<DVTFilePath:0x7fe7599e7570:'/Users/mac/Library/Developer/Xcode/Archives/2019-11-24/ChicagoApp 24-11-19, 12.08 PM.xcarchive/Products/Applications/Chicago Callsheet.app/Frameworks/IQKeyboardManagerSwift.framework'>', codeSigningInfo='<_DVTCodeSigningInformation_Path: 0x7fe7599e5330; isSigned='1', isAdHocSigned='0', signingCertificate='<DVTSigningCertificate: 0x7fe7599ef1b0; name='iPhone Developer: Jigar Tarsariya (Z68D5JYFMG)', hash='79A6C0EDEF7B485BC4D537AF1DFB698925D91547', serialNumber='36B3B4135011B517', certificateKinds='(
    "1.2.840.113635.100.6.1.2"
), issueDate='2019-10-13 14:01:38 +0000''>', entitlements='(null)', teamID='NP4S9JY938', identifier='org.cocoapods.IQKeyboardManagerSwift', executablePath='<DVTFilePath:0x7fe7599e3280:'/Users/mac/Library/Developer/Xcode/Archives/2019-11-24/ChicagoApp 24-11-19, 12.08 PM.xcarchive/Products/Applications/Chicago Callsheet.app/Frameworks/IQKeyboardManagerSwift.framework/IQKeyboardManagerSwift'>', hardenedRuntime='0'>'> to: /var/folders/gz/7b5gdx2s0gg4hspk0p9dbmjr0000gn/T/XcodeDistPipeline.~~~ZIE8a0/entitlements~~~sU4yUr
2019-11-24 06:39:12 +0000  Running /usr/bin/codesign '-vvv' '--force' '--sign' '79A6C0EDEF7B485BC4D537AF1DFB698925D91547' '--entitlements' '/var/folders/gz/7b5gdx2s0gg4hspk0p9dbmjr0000gn/T/XcodeDistPipeline.~~~ZIE8a0/entitlements~~~sU4yUr' '--preserve-metadata=identifier,flags,runtime' '/var/folders/gz/7b5gdx2s0gg4hspk0p9dbmjr0000gn/T/XcodeDistPipeline.~~~ZIE8a0/Root/Payload/Chicago Callsheet.app/Frameworks/IQKeyboardManagerSwift.framework'
2019-11-24 06:39:12 +0000  /var/folders/gz/7b5gdx2s0gg4hspk0p9dbmjr0000gn/T/XcodeDistPipeline.~~~ZIE8a0/Root/Payload/Chicago Callsheet.app/Frameworks/IQKeyboardManagerSwift.framework: signed bundle with Mach-O universal (arm64) [org.cocoapods.IQKeyboardManagerSwift]
2019-11-24 06:39:12 +0000  /usr/bin/codesign exited with 0
2019-11-24 06:39:12 +0000  Entitlements for <IDEDistributionItem: 0x7fe7599ab570; bundleID='org.cocoapods.SDWebImage', path='<DVTFilePath:0x7fe773398560:'/Users/mac/Library/Developer/Xcode/Archives/2019-11-24/ChicagoApp 24-11-19, 12.08 PM.xcarchive/Products/Applications/Chicago Callsheet.app/Frameworks/SDWebImage.framework'>', codeSigningInfo='<_DVTCodeSigningInformation_Path: 0x7fe7599a7770; isSigned='1', isAdHocSigned='0', signingCertificate='<DVTSigningCertificate: 0x7fe758ef4e40; name='iPhone Developer: Jigar Tarsariya (Z68D5JYFMG)', hash='79A6C0EDEF7B485BC4D537AF1DFB698925D91547', serialNumber='36B3B4135011B517', certificateKinds='(
    "1.2.840.113635.100.6.1.2"
), issueDate='2019-10-13 14:01:38 +0000''>', entitlements='(null)', teamID='NP4S9JY938', identifier='org.cocoapods.SDWebImage', executablePath='<DVTFilePath:0x7fe775a5cba0:'/Users/mac/Library/Developer/Xcode/Archives/2019-11-24/ChicagoApp 24-11-19, 12.08 PM.xcarchive/Products/Applications/Chicago Callsheet.app/Frameworks/SDWebImage.framework/SDWebImage'>', hardenedRuntime='0'>'>: {
}
2019-11-24 06:39:12 +0000  Writing entitlements for <IDEDistributionItem: 0x7fe7599ab570; bundleID='org.cocoapods.SDWebImage', path='<DVTFilePath:0x7fe773398560:'/Users/mac/Library/Developer/Xcode/Archives/2019-11-24/ChicagoApp 24-11-19, 12.08 PM.xcarchive/Products/Applications/Chicago Callsheet.app/Frameworks/SDWebImage.framework'>', codeSigningInfo='<_DVTCodeSigningInformation_Path: 0x7fe7599a7770; isSigned='1', isAdHocSigned='0', signingCertificate='<DVTSigningCertificate: 0x7fe7599ef1b0; name='iPhone Developer: Jigar Tarsariya (Z68D5JYFMG)', hash='79A6C0EDEF7B485BC4D537AF1DFB698925D91547', serialNumber='36B3B4135011B517', certificateKinds='(
    "1.2.840.113635.100.6.1.2"
), issueDate='2019-10-13 14:01:38 +0000''>', entitlements='(null)', teamID='NP4S9JY938', identifier='org.cocoapods.SDWebImage', executablePath='<DVTFilePath:0x7fe775a5cba0:'/Users/mac/Library/Developer/Xcode/Archives/2019-11-24/ChicagoApp 24-11-19, 12.08 PM.xcarchive/Products/Applications/Chicago Callsheet.app/Frameworks/SDWebImage.framework/SDWebImage'>', hardenedRuntime='0'>'> to: /var/folders/gz/7b5gdx2s0gg4hspk0p9dbmjr0000gn/T/XcodeDistPipeline.~~~ZIE8a0/entitlements~~~koS2Vt
2019-11-24 06:39:12 +0000  Running /usr/bin/codesign '-vvv' '--force' '--sign' '79A6C0EDEF7B485BC4D537AF1DFB698925D91547' '--entitlements' '/var/folders/gz/7b5gdx2s0gg4hspk0p9dbmjr0000gn/T/XcodeDistPipeline.~~~ZIE8a0/entitlements~~~koS2Vt' '--preserve-metadata=identifier,flags,runtime' '/var/folders/gz/7b5gdx2s0gg4hspk0p9dbmjr0000gn/T/XcodeDistPipeline.~~~ZIE8a0/Root/Payload/Chicago Callsheet.app/Frameworks/SDWebImage.framework'
2019-11-24 06:39:12 +0000  /var/folders/gz/7b5gdx2s0gg4hspk0p9dbmjr0000gn/T/XcodeDistPipeline.~~~ZIE8a0/Root/Payload/Chicago Callsheet.app/Frameworks/SDWebImage.framework: signed bundle with Mach-O universal (arm64) [org.cocoapods.SDWebImage]
2019-11-24 06:39:12 +0000  /usr/bin/codesign exited with 0
2019-11-24 06:39:12 +0000  Entitlements for <IDEDistributionItem: 0x7fe775f11ba0; bundleID='org.cocoapods.SwiftyJSON', path='<DVTFilePath:0x7fe7599a3840:'/Users/mac/Library/Developer/Xcode/Archives/2019-11-24/ChicagoApp 24-11-19, 12.08 PM.xcarchive/Products/Applications/Chicago Callsheet.app/Frameworks/SwiftyJSON.framework'>', codeSigningInfo='<_DVTCodeSigningInformation_Path: 0x7fe7599f71c0; isSigned='1', isAdHocSigned='0', signingCertificate='<DVTSigningCertificate: 0x7fe77346f270; name='iPhone Developer: Jigar Tarsariya (Z68D5JYFMG)', hash='79A6C0EDEF7B485BC4D537AF1DFB698925D91547', serialNumber='36B3B4135011B517', certificateKinds='(
    "1.2.840.113635.100.6.1.2"
), issueDate='2019-10-13 14:01:38 +0000''>', entitlements='(null)', teamID='NP4S9JY938', identifier='org.cocoapods.SwiftyJSON', executablePath='<DVTFilePath:0x7fe757fe4b90:'/Users/mac/Library/Developer/Xcode/Archives/2019-11-24/ChicagoApp 24-11-19, 12.08 PM.xcarchive/Products/Applications/Chicago Callsheet.app/Frameworks/SwiftyJSON.framework/SwiftyJSON'>', hardenedRuntime='0'>'>: {
}
2019-11-24 06:39:12 +0000  Writing entitlements for <IDEDistributionItem: 0x7fe775f11ba0; bundleID='org.cocoapods.SwiftyJSON', path='<DVTFilePath:0x7fe7599a3840:'/Users/mac/Library/Developer/Xcode/Archives/2019-11-24/ChicagoApp 24-11-19, 12.08 PM.xcarchive/Products/Applications/Chicago Callsheet.app/Frameworks/SwiftyJSON.framework'>', codeSigningInfo='<_DVTCodeSigningInformation_Path: 0x7fe7599f71c0; isSigned='1', isAdHocSigned='0', signingCertificate='<DVTSigningCertificate: 0x7fe7599ef1b0; name='iPhone Developer: Jigar Tarsariya (Z68D5JYFMG)', hash='79A6C0EDEF7B485BC4D537AF1DFB698925D91547', serialNumber='36B3B4135011B517', certificateKinds='(
    "1.2.840.113635.100.6.1.2"
), issueDate='2019-10-13 14:01:38 +0000''>', entitlements='(null)', teamID='NP4S9JY938', identifier='org.cocoapods.SwiftyJSON', executablePath='<DVTFilePath:0x7fe757fe4b90:'/Users/mac/Library/Developer/Xcode/Archives/2019-11-24/ChicagoApp 24-11-19, 12.08 PM.xcarchive/Products/Applications/Chicago Callsheet.app/Frameworks/SwiftyJSON.framework/SwiftyJSON'>', hardenedRuntime='0'>'> to: /var/folders/gz/7b5gdx2s0gg4hspk0p9dbmjr0000gn/T/XcodeDistPipeline.~~~ZIE8a0/entitlements~~~pgQdGN
2019-11-24 06:39:12 +0000  Running /usr/bin/codesign '-vvv' '--force' '--sign' '79A6C0EDEF7B485BC4D537AF1DFB698925D91547' '--entitlements' '/var/folders/gz/7b5gdx2s0gg4hspk0p9dbmjr0000gn/T/XcodeDistPipeline.~~~ZIE8a0/entitlements~~~pgQdGN' '--preserve-metadata=identifier,flags,runtime' '/var/folders/gz/7b5gdx2s0gg4hspk0p9dbmjr0000gn/T/XcodeDistPipeline.~~~ZIE8a0/Root/Payload/Chicago Callsheet.app/Frameworks/SwiftyJSON.framework'
2019-11-24 06:39:12 +0000  /var/folders/gz/7b5gdx2s0gg4hspk0p9dbmjr0000gn/T/XcodeDistPipeline.~~~ZIE8a0/Root/Payload/Chicago Callsheet.app/Frameworks/SwiftyJSON.framework: signed bundle with Mach-O universal (arm64) [org.cocoapods.SwiftyJSON]
2019-11-24 06:39:12 +0000  /usr/bin/codesign exited with 0
2019-11-24 06:39:12 +0000  Entitlements for <IDEDistributionItem: 0x7fe758f81090; bundleID='com.jobsdepot.app', path='<DVTFilePath:0x7fe770b35960:'/Users/mac/Library/Developer/Xcode/Archives/2019-11-24/ChicagoApp 24-11-19, 12.08 PM.xcarchive/Products/Applications/Chicago Callsheet.app'>', codeSigningInfo='<_DVTCodeSigningInformation_Path: 0x7fe757f63b40; isSigned='1', isAdHocSigned='0', signingCertificate='<DVTSigningCertificate: 0x7fe7599cbef0; name='iPhone Developer: Jigar Tarsariya (Z68D5JYFMG)', hash='79A6C0EDEF7B485BC4D537AF1DFB698925D91547', serialNumber='36B3B4135011B517', certificateKinds='(
    "1.2.840.113635.100.6.1.2"
), issueDate='2019-10-13 14:01:38 +0000''>', entitlements='{
    "application-identifier" = "NP4S9JY938.com.jobsdepot.app";
    "com.apple.developer.team-identifier" = NP4S9JY938;
    "get-task-allow" = 1;
    "keychain-access-groups" =     (
        "NP4S9JY938.com.jobsdepot.app"
    );
}', teamID='NP4S9JY938', identifier='com.jobsdepot.app', executablePath='<DVTFilePath:0x7fe7764a48d0:'/Users/mac/Library/Developer/Xcode/Archives/2019-11-24/ChicagoApp 24-11-19, 12.08 PM.xcarchive/Products/Applications/Chicago Callsheet.app/Chicago Callsheet'>', hardenedRuntime='0'>'>: {
    "application-identifier" = "NP4S9JY938.com.jobsdepot.app";
    "com.apple.developer.team-identifier" = NP4S9JY938;
    "get-task-allow" = 1;
    "keychain-access-groups" =     (
        "NP4S9JY938.com.jobsdepot.app"
    );
}
2019-11-24 06:39:12 +0000  Writing entitlements for <IDEDistributionItem: 0x7fe758f81090; bundleID='com.jobsdepot.app', path='<DVTFilePath:0x7fe770b35960:'/Users/mac/Library/Developer/Xcode/Archives/2019-11-24/ChicagoApp 24-11-19, 12.08 PM.xcarchive/Products/Applications/Chicago Callsheet.app'>', codeSigningInfo='<_DVTCodeSigningInformation_Path: 0x7fe757f63b40; isSigned='1', isAdHocSigned='0', signingCertificate='<DVTSigningCertificate: 0x7fe758f38c40; name='iPhone Developer: Jigar Tarsariya (Z68D5JYFMG)', hash='79A6C0EDEF7B485BC4D537AF1DFB698925D91547', serialNumber='36B3B4135011B517', certificateKinds='(
    "1.2.840.113635.100.6.1.2"
), issueDate='2019-10-13 14:01:38 +0000''>', entitlements='{
    "application-identifier" = "NP4S9JY938.com.jobsdepot.app";
    "com.apple.developer.team-identifier" = NP4S9JY938;
    "get-task-allow" = 1;
    "keychain-access-groups" =     (
        "NP4S9JY938.com.jobsdepot.app"
    );
}', teamID='NP4S9JY938', identifier='com.jobsdepot.app', executablePath='<DVTFilePath:0x7fe7764a48d0:'/Users/mac/Library/Developer/Xcode/Archives/2019-11-24/ChicagoApp 24-11-19, 12.08 PM.xcarchive/Products/Applications/Chicago Callsheet.app/Chicago Callsheet'>', hardenedRuntime='0'>'> to: /var/folders/gz/7b5gdx2s0gg4hspk0p9dbmjr0000gn/T/XcodeDistPipeline.~~~ZIE8a0/entitlements~~~D8OkuL
2019-11-24 06:39:12 +0000  Running /usr/bin/codesign '-vvv' '--force' '--sign' '79A6C0EDEF7B485BC4D537AF1DFB698925D91547' '--entitlements' '/var/folders/gz/7b5gdx2s0gg4hspk0p9dbmjr0000gn/T/XcodeDistPipeline.~~~ZIE8a0/entitlements~~~D8OkuL' '--preserve-metadata=identifier,flags,runtime' '/var/folders/gz/7b5gdx2s0gg4hspk0p9dbmjr0000gn/T/XcodeDistPipeline.~~~ZIE8a0/Root/Payload/Chicago Callsheet.app'
2019-11-24 06:39:12 +0000  /var/folders/gz/7b5gdx2s0gg4hspk0p9dbmjr0000gn/T/XcodeDistPipeline.~~~ZIE8a0/Root/Payload/Chicago Callsheet.app: signed app bundle with Mach-O thin (arm64) [com.jobsdepot.app]
2019-11-24 06:39:12 +0000  /usr/bin/codesign exited with 0
2019-11-24 06:39:12 +0000  Processing step: IDEDistributionZipODRItemStep
2019-11-24 06:39:12 +0000  Skipping step: IDEDistributionZipODRItemStep because it said so
2019-11-24 06:39:12 +0000  Skipping step: IDEDistributionZipODRItemStep because it said so
2019-11-24 06:39:12 +0000  Skipping step: IDEDistributionZipODRItemStep because it said so
2019-11-24 06:39:12 +0000  Skipping step: IDEDistributionZipODRItemStep because it said so
2019-11-24 06:39:12 +0000  Skipping step: IDEDistributionZipODRItemStep because it said so
2019-11-24 06:39:12 +0000  Skipping step: IDEDistributionZipODRItemStep because it said so
2019-11-24 06:39:12 +0000  Processing step: IDEDistributionCreateIPAStep
2019-11-24 06:39:12 +0000  Running /usr/bin/ditto '-V' '-c' '-k' '--norsrc' '/var/folders/gz/7b5gdx2s0gg4hspk0p9dbmjr0000gn/T/XcodeDistPipeline.~~~ZIE8a0/Root' '/var/folders/gz/7b5gdx2s0gg4hspk0p9dbmjr0000gn/T/XcodeDistPipeline.~~~ZIE8a0/Packages/ChicagoApp.ipa'
2019-11-24 06:39:12 +0000  >>> Copying /var/folders/gz/7b5gdx2s0gg4hspk0p9dbmjr0000gn/T/XcodeDistPipeline.~~~ZIE8a0/Root 
2019-11-24 06:39:12 +0000  copying file ./Payload/Chicago Callsheet.app/_CodeSignature/CodeResources ... 
2019-11-24 06:39:12 +0000  14939 bytes for ./Payload/Chicago Callsheet.app/_CodeSignature/CodeResources
2019-11-24 06:39:12 +0000  copying file ./Payload/Chicago Callsheet.app/AppIcon60x60@2x.png ... 
2019-11-24 06:39:12 +0000  13287 bytes for ./Payload/Chicago Callsheet.app/AppIcon60x60@2x.png
2019-11-24 06:39:12 +0000  copying file ./Payload/Chicago Callsheet.app/Chicago Callsheet ... 
2019-11-24 06:39:12 +0000  267552 bytes for ./Payload/Chicago Callsheet.app/Chicago Callsheet
2019-11-24 06:39:12 +0000  copying file ./Payload/Chicago Callsheet.app/Base.lproj/Main.storyboardc/DetailsViewController.nib ... 
2019-11-24 06:39:12 +0000  1082 bytes for ./Payload/Chicago Callsheet.app/Base.lproj/Main.storyboardc/DetailsViewController.nib
2019-11-24 06:39:12 +0000  copying file ./Payload/Chicago Callsheet.app/Base.lproj/Main.storyboardc/UINavigationController-cDy-ei-iMQ.nib ... 
2019-11-24 06:39:12 +0000  1875 bytes for ./Payload/Chicago Callsheet.app/Base.lproj/Main.storyboardc/UINavigationController-cDy-ei-iMQ.nib
copying file ./Payload/Chicago Callsheet.app/Base.lproj/Main.storyboardc/twK-gc-UXi-view-X1u-RE-RVR.nib ... 
2019-11-24 06:39:12 +0000  13191 bytes for ./Payload/Chicago Callsheet.app/Base.lproj/Main.storyboardc/twK-gc-UXi-view-X1u-RE-RVR.nib
2019-11-24 06:39:12 +0000  copying file ./Payload/Chicago Callsheet.app/Base.lproj/Main.storyboardc/HomeViewController.nib ... 
2019-11-24 06:39:12 +0000  1154 bytes for ./Payload/Chicago Callsheet.app/Base.lproj/Main.storyboardc/HomeViewController.nib
copying file ./Payload/Chicago Callsheet.app/Base.lproj/Main.storyboardc/JOH-DS-a7B-view-gYB-9X-55X.nib ... 
2019-11-24 06:39:12 +0000  17896 bytes for ./Payload/Chicago Callsheet.app/Base.lproj/Main.storyboardc/JOH-DS-a7B-view-gYB-9X-55X.nib
2019-11-24 06:39:12 +0000  copying file ./Payload/Chicago Callsheet.app/Base.lproj/Main.storyboardc/Yt9-LS-n7f-view-Qhw-bL-LUQ.nib ... 
2019-11-24 06:39:12 +0000  13742 bytes for ./Payload/Chicago Callsheet.app/Base.lproj/Main.storyboardc/Yt9-LS-n7f-view-Qhw-bL-LUQ.nib
2019-11-24 06:39:12 +0000  copying file ./Payload/Chicago Callsheet.app/Base.lproj/Main.storyboardc/LikedCategoryViewController.nib ... 
2019-11-24 06:39:12 +0000  1094 bytes for ./Payload/Chicago Callsheet.app/Base.lproj/Main.storyboardc/LikedCategoryViewController.nib
copying file ./Payload/Chicago Callsheet.app/Base.lproj/Main.storyboardc/BYZ-38-t0r-view-8bC-Xf-vdC.nib ... 
2019-11-24 06:39:12 +0000  13156 bytes for ./Payload/Chicago Callsheet.app/Base.lproj/Main.storyboardc/BYZ-38-t0r-view-8bC-Xf-vdC.nib
2019-11-24 06:39:12 +0000  copying file ./Payload/Chicago Callsheet.app/Base.lproj/Main.storyboardc/LocationListViewController.nib ... 
1092 bytes for ./Payload/Chicago Callsheet.app/Base.lproj/Main.storyboardc/LocationListViewController.nib
copying file ./Payload/Chicago Callsheet.app/Base.lproj/Main.storyboardc/z8j-rX-zJ3-view-w6G-lQ-2RY.nib ... 
2019-11-24 06:39:12 +0000  15249 bytes for ./Payload/Chicago Callsheet.app/Base.lproj/Main.storyboardc/z8j-rX-zJ3-view-w6G-lQ-2RY.nib
2019-11-24 06:39:12 +0000  copying file ./Payload/Chicago Callsheet.app/Base.lproj/Main.storyboardc/CategoryViewController.nib ... 
1084 bytes for ./Payload/Chicago Callsheet.app/Base.lproj/Main.storyboardc/CategoryViewController.nib
2019-11-24 06:39:12 +0000  copying file ./Payload/Chicago Callsheet.app/Base.lproj/Main.storyboardc/Info.plist ... 
573 bytes for ./Payload/Chicago Callsheet.app/Base.lproj/Main.storyboardc/Info.plist
2019-11-24 06:39:12 +0000  copying file ./Payload/Chicago Callsheet.app/Base.lproj/LaunchScreen.storyboardc/01J-lp-oVM-view-Ze5-6b-2t3.nib ... 
2019-11-24 06:39:12 +0000  2847 bytes for ./Payload/Chicago Callsheet.app/Base.lproj/LaunchScreen.storyboardc/01J-lp-oVM-view-Ze5-6b-2t3.nib
2019-11-24 06:39:12 +0000  copying file ./Payload/Chicago Callsheet.app/Base.lproj/LaunchScreen.storyboardc/UIViewController-01J-lp-oVM.nib ... 
896 bytes for ./Payload/Chicago Callsheet.app/Base.lproj/LaunchScreen.storyboardc/UIViewController-01J-lp-oVM.nib
2019-11-24 06:39:12 +0000  copying file ./Payload/Chicago Callsheet.app/Base.lproj/LaunchScreen.storyboardc/Info.plist ... 
2019-11-24 06:39:12 +0000  258 bytes for ./Payload/Chicago Callsheet.app/Base.lproj/LaunchScreen.storyboardc/Info.plist
copying file ./Payload/Chicago Callsheet.app/Assets.car ... 
2019-11-24 06:39:13 +0000  1779712 bytes for ./Payload/Chicago Callsheet.app/Assets.car
2019-11-24 06:39:13 +0000  copying file ./Payload/Chicago Callsheet.app/Frameworks/SwiftyJSON.framework/_CodeSignature/CodeResources ... 
1798 bytes for ./Payload/Chicago Callsheet.app/Frameworks/SwiftyJSON.framework/_CodeSignature/CodeResources
copying file ./Payload/Chicago Callsheet.app/Frameworks/SwiftyJSON.framework/SwiftyJSON ... 
2019-11-24 06:39:13 +0000  376736 bytes for ./Payload/Chicago Callsheet.app/Frameworks/SwiftyJSON.framework/SwiftyJSON
2019-11-24 06:39:13 +0000  copying file ./Payload/Chicago Callsheet.app/Frameworks/SwiftyJSON.framework/Info.plist ... 
2019-11-24 06:39:13 +0000  744 bytes for ./Payload/Chicago Callsheet.app/Frameworks/SwiftyJSON.framework/Info.plist
2019-11-24 06:39:13 +0000  copying file ./Payload/Chicago Callsheet.app/Frameworks/Alamofire_SwiftyJSON.framework/_CodeSignature/CodeResources ... 
2019-11-24 06:39:13 +0000  1798 bytes for ./Payload/Chicago Callsheet.app/Frameworks/Alamofire_SwiftyJSON.framework/_CodeSignature/CodeResources
copying file ./Payload/Chicago Callsheet.app/Frameworks/Alamofire_SwiftyJSON.framework/Alamofire_SwiftyJSON ... 
2019-11-24 06:39:13 +0000  101536 bytes for ./Payload/Chicago Callsheet.app/Frameworks/Alamofire_SwiftyJSON.framework/Alamofire_SwiftyJSON
2019-11-24 06:39:13 +0000  copying file ./Payload/Chicago Callsheet.app/Frameworks/Alamofire_SwiftyJSON.framework/Info.plist ... 
766 bytes for ./Payload/Chicago Callsheet.app/Frameworks/Alamofire_SwiftyJSON.framework/Info.plist
2019-11-24 06:39:13 +0000  copying file ./Payload/Chicago Callsheet.app/Frameworks/IQKeyboardManagerSwift.framework/_CodeSignature/CodeResources ... 
2019-11-24 06:39:13 +0000  4698 bytes for ./Payload/Chicago Callsheet.app/Frameworks/IQKeyboardManagerSwift.framework/_CodeSignature/CodeResources
2019-11-24 06:39:13 +0000  copying file ./Payload/Chicago Callsheet.app/Frameworks/IQKeyboardManagerSwift.framework/IQKeyboardManager.bundle/IQButtonBarArrowRight@2x.png ... 
2019-11-24 06:39:13 +0000  1786 bytes for ./Payload/Chicago Callsheet.app/Frameworks/IQKeyboardManagerSwift.framework/IQKeyboardManager.bundle/IQButtonBarArrowRight@2x.png
2019-11-24 06:39:13 +0000  copying file ./Payload/Chicago Callsheet.app/Frameworks/IQKeyboardManagerSwift.framework/IQKeyboardManager.bundle/IQButtonBarArrowUp@3x.png ... 
2019-11-24 06:39:13 +0000  2164 bytes for ./Payload/Chicago Callsheet.app/Frameworks/IQKeyboardManagerSwift.framework/IQKeyboardManager.bundle/IQButtonBarArrowUp@3x.png
copying file ./Payload/Chicago Callsheet.app/Frameworks/IQKeyboardManagerSwift.framework/IQKeyboardManager.bundle/IQButtonBarArrowUp@2x.png ... 
2019-11-24 06:39:13 +0000  1769 bytes for ./Payload/Chicago Callsheet.app/Frameworks/IQKeyboardManagerSwift.framework/IQKeyboardManager.bundle/IQButtonBarArrowUp@2x.png
copying file ./Payload/Chicago Callsheet.app/Frameworks/IQKeyboardManagerSwift.framework/IQKeyboardManager.bundle/IQButtonBarArrowRight@3x.png ... 
2019-11-24 06:39:13 +0000  1844 bytes for ./Payload/Chicago Callsheet.app/Frameworks/IQKeyboardManagerSwift.framework/IQKeyboardManager.bundle/IQButtonBarArrowRight@3x.png
2019-11-24 06:39:13 +0000  copying file ./Payload/Chicago Callsheet.app/Frameworks/IQKeyboardManagerSwift.framework/IQKeyboardManager.bundle/IQButtonBarArrowLeft@3x.png ... 
2019-11-24 06:39:13 +0000  1815 bytes for ./Payload/Chicago Callsheet.app/Frameworks/IQKeyboardManagerSwift.framework/IQKeyboardManager.bundle/IQButtonBarArrowLeft@3x.png
copying file ./Payload/Chicago Callsheet.app/Frameworks/IQKeyboardManagerSwift.framework/IQKeyboardManager.bundle/IQButtonBarArrowDown@3x.png ... 
2019-11-24 06:39:13 +0000  2177 bytes for ./Payload/Chicago Callsheet.app/Frameworks/IQKeyboardManagerSwift.framework/IQKeyboardManager.bundle/IQButtonBarArrowDown@3x.png
2019-11-24 06:39:13 +0000  copying file ./Payload/Chicago Callsheet.app/Frameworks/IQKeyboardManagerSwift.framework/IQKeyboardManager.bundle/IQButtonBarArrowDown@2x.png ... 
2019-11-24 06:39:13 +0000  1764 bytes for ./Payload/Chicago Callsheet.app/Frameworks/IQKeyboardManagerSwift.framework/IQKeyboardManager.bundle/IQButtonBarArrowDown@2x.png
copying file ./Payload/Chicago Callsheet.app/Frameworks/IQKeyboardManagerSwift.framework/IQKeyboardManager.bundle/IQButtonBarArrowLeft@2x.png ... 
2019-11-24 06:39:13 +0000  1793 bytes for ./Payload/Chicago Callsheet.app/Frameworks/IQKeyboardManagerSwift.framework/IQKeyboardManager.bundle/IQButtonBarArrowLeft@2x.png
2019-11-24 06:39:13 +0000  copying file ./Payload/Chicago Callsheet.app/Frameworks/IQKeyboardManagerSwift.framework/IQKeyboardManagerSwift ... 
2019-11-24 06:39:13 +0000  885312 bytes for ./Payload/Chicago Callsheet.app/Frameworks/IQKeyboardManagerSwift.framework/IQKeyboardManagerSwift
2019-11-24 06:39:13 +0000  copying file ./Payload/Chicago Callsheet.app/Frameworks/IQKeyboardManagerSwift.framework/Info.plist ... 
770 bytes for ./Payload/Chicago Callsheet.app/Frameworks/IQKeyboardManagerSwift.framework/Info.plist
2019-11-24 06:39:13 +0000  copying file ./Payload/Chicago Callsheet.app/Frameworks/Alamofire.framework/_CodeSignature/CodeResources ... 
2019-11-24 06:39:13 +0000  1798 bytes for ./Payload/Chicago Callsheet.app/Frameworks/Alamofire.framework/_CodeSignature/CodeResources
2019-11-24 06:39:13 +0000  copying file ./Payload/Chicago Callsheet.app/Frameworks/Alamofire.framework/Alamofire ... 
2019-11-24 06:39:13 +0000  1402048 bytes for ./Payload/Chicago Callsheet.app/Frameworks/Alamofire.framework/Alamofire
2019-11-24 06:39:13 +0000  copying file ./Payload/Chicago Callsheet.app/Frameworks/Alamofire.framework/Info.plist ... 
742 bytes for ./Payload/Chicago Callsheet.app/Frameworks/Alamofire.framework/Info.plist
copying file ./Payload/Chicago Callsheet.app/Frameworks/SDWebImage.framework/_CodeSignature/CodeResources ... 
1798 bytes for ./Payload/Chicago Callsheet.app/Frameworks/SDWebImage.framework/_CodeSignature/CodeResources
copying file ./Payload/Chicago Callsheet.app/Frameworks/SDWebImage.framework/SDWebImage ... 
2019-11-24 06:39:13 +0000  413152 bytes for ./Payload/Chicago Callsheet.app/Frameworks/SDWebImage.framework/SDWebImage
2019-11-24 06:39:13 +0000  copying file ./Payload/Chicago Callsheet.app/Frameworks/SDWebImage.framework/Info.plist ... 
744 bytes for ./Payload/Chicago Callsheet.app/Frameworks/SDWebImage.framework/Info.plist
2019-11-24 06:39:13 +0000  copying file ./Payload/Chicago Callsheet.app/ChicagoApp.momd/VersionInfo.plist ... 
150 bytes for ./Payload/Chicago Callsheet.app/ChicagoApp.momd/VersionInfo.plist
2019-11-24 06:39:13 +0000  copying file ./Payload/Chicago Callsheet.app/ChicagoApp.momd/ChicagoApp.mom ... 
2019-11-24 06:39:13 +0000  1817 bytes for ./Payload/Chicago Callsheet.app/ChicagoApp.momd/ChicagoApp.mom
copying file ./Payload/Chicago Callsheet.app/embedded.mobileprovision ... 
2019-11-24 06:39:13 +0000  10340 bytes for ./Payload/Chicago Callsheet.app/embedded.mobileprovision
copying file ./Payload/Chicago Callsheet.app/Info.plist ... 
2019-11-24 06:39:13 +0000  1702 bytes for ./Payload/Chicago Callsheet.app/Info.plist
copying file ./Payload/Chicago Callsheet.app/PkgInfo ... 
2019-11-24 06:39:13 +0000  8 bytes for ./Payload/Chicago Callsheet.app/PkgInfo
2019-11-24 06:39:13 +0000  /usr/bin/ditto exited with 0
2019-11-24 06:39:13 +0000  Processing step: IDEDistributionAppStoreInformationStep
2019-11-24 06:39:13 +0000  Skipping step: IDEDistributionAppStoreInformationStep because it said so
2019-11-24 06:39:13 +0000  Processing step: IDEDistributionGenerateProcessedDistributionItems
2019-11-24 06:39:13 +0000  Processing step: IDEDistributionCreateManifestStep
